<?xml version="1.0" encoding="UTF-8"?>
<testng-results ignored="0" total="1" passed="1" failed="0" skipped="0">
  <reporter-output>
  </reporter-output>
  <suite started-at="2023-10-26T08:37:16 GMT" name="Default suite" finished-at="2023-10-26T08:37:21 GMT" duration-ms="5166">
    <groups>
    </groups>
    <test started-at="2023-10-26T08:37:16 GMT" name="Default test" finished-at="2023-10-26T08:37:21 GMT" duration-ms="5166">
      <class name="testngsamples.GoogleTest">
        <test-method signature="f()[pri:0, instance:testngsamples.GoogleTest@74455848]" started-at="2023-10-26T08:37:16 GMT" name="f" finished-at="2023-10-26T08:37:21 GMT" duration-ms="5124" status="PASS">
          <reporter-output>
          </reporter-output>
        </test-method> <!-- f -->
      </class> <!-- testngsamples.GoogleTest -->
    </test> <!-- Default test -->
  </suite> <!-- Default suite -->
</testng-results>
